<?xml version="1.0" encoding="UTF-8"?>
<testsuite xmlns:xsi="http://www.w3.org/2001/XMLSchema-instance" xsi:noNamespaceSchemaLocation="https://maven.apache.org/surefire/maven-surefire-plugin/xsd/surefire-test-report-3.0.xsd" version="3.0" name="com.rojonovick.companies_crud.CompaniesCrudApplicationTests" time="7.15" tests="1" errors="0" skipped="0" failures="0">
  <properties>
[...]
</properties>
  <testcase name="contextLoads" classname="com.rojonovick.companies_crud.CompaniesCrudApplicationTests" time="0.526">
    <system-out><![CDATA[19:19:34.301 [main] INFO org.springframework.test.context.support.AnnotationConfigContextLoaderUtils -- Could not detect default configuration classes for test class [com.rojonovick.companies_crud.CompaniesCrudApplicationTests]: CompaniesCrudApplicationTests does not declare any static, non-private, non-final, nested classes annotated with @Configuration.
19:19:34.405 [main] INFO org.springframework.boot.test.context.SpringBootTestContextBootstrapper -- Found @SpringBootConfiguration com.rojonovick.companies_crud.CompaniesCrudApplication for test class com.rojonovick.companies_crud.CompaniesCrudApplicationTests
19:19:34.549 [main] INFO org.springframework.boot.devtools.restart.RestartApplicationListener -- Restart disabled due to context in which it is running

  .   ____          _            __ _ _
 /\\ / ___'_ __ _ _(_)_ __  __ _ \ \ \ \
( ( )\___ | '_ | '_| | '_ \/ _` | \ \ \ \
 \\/  ___)| |_)| | | | | || (_| |  ) ) ) )
  '  |____| .__|_| |_|_| |_\__, | / / / /
 =========|_|==============|___/=/_/_/_/
 :: Spring Boot ::                (v3.2.8)

2025-04-20T19:19:34.893-05:00  INFO 25790 --- [companies-crud] [           main] c.r.c.CompaniesCrudApplicationTests      : Starting CompaniesCrudApplicationTests using Java 17.0.14 with PID 25790 (started by rojonovich492 in /home/rojonovich492/Documentos/projects/java/MS/crud-companies)
2025-04-20T19:19:34.894-05:00  INFO 25790 --- [companies-crud] [           main] c.r.c.CompaniesCrudApplicationTests      : No active profile set, falling back to 1 default profile: "default"
2025-04-20T19:19:35.982-05:00  INFO 25790 --- [companies-crud] [           main] .s.d.r.c.RepositoryConfigurationDelegate : Bootstrapping Spring Data JPA repositories in DEFAULT mode.
2025-04-20T19:19:36.113-05:00  INFO 25790 --- [companies-crud] [           main] .s.d.r.c.RepositoryConfigurationDelegate : Finished Spring Data repository scanning in 124 ms. Found 2 JPA repository interfaces.
2025-04-20T19:19:36.350-05:00  INFO 25790 --- [companies-crud] [           main] o.s.cloud.context.scope.GenericScope     : BeanFactory id=82f92646-b60c-3fb0-8818-33ebc3546860
2025-04-20T19:19:36.666-05:00  WARN 25790 --- [companies-crud] [           main] trationDelegate$BeanPostProcessorChecker : Bean 'org.springframework.cloud.client.loadbalancer.LoadBalancerAutoConfiguration$LoadBalancerInterceptorConfig' of type [org.springframework.cloud.client.loadbalancer.LoadBalancerAutoConfiguration$LoadBalancerInterceptorConfig] is not eligible for getting processed by all BeanPostProcessors (for example: not eligible for auto-proxying). The currently created BeanPostProcessor [lbRestClientPostProcessor] is declared through a non-static factory method on that class; consider declaring it as static instead.
2025-04-20T19:19:36.672-05:00  WARN 25790 --- [companies-crud] [           main] trationDelegate$BeanPostProcessorChecker : Bean 'org.springframework.cloud.loadbalancer.config.BlockingLoadBalancerClientAutoConfiguration' of type [org.springframework.cloud.loadbalancer.config.BlockingLoadBalancerClientAutoConfiguration] is not eligible for getting processed by all BeanPostProcessors (for example: not eligible for auto-proxying). Is this bean getting eagerly injected into a currently created BeanPostProcessor [lbRestClientPostProcessor]? Check the corresponding BeanPostProcessor declaration and its dependencies.
2025-04-20T19:19:36.676-05:00  WARN 25790 --- [companies-crud] [           main] trationDelegate$BeanPostProcessorChecker : Bean 'org.springframework.cloud.loadbalancer.config.LoadBalancerAutoConfiguration' of type [org.springframework.cloud.loadbalancer.config.LoadBalancerAutoConfiguration] is not eligible for getting processed by all BeanPostProcessors (for example: not eligible for auto-proxying). Is this bean getting eagerly injected into a currently created BeanPostProcessor [lbRestClientPostProcessor]? Check the corresponding BeanPostProcessor declaration and its dependencies.
2025-04-20T19:19:36.686-05:00  WARN 25790 --- [companies-crud] [           main] trationDelegate$BeanPostProcessorChecker : Bean 'org.springframework.cloud.commons.config.CommonsConfigAutoConfiguration' of type [org.springframework.cloud.commons.config.CommonsConfigAutoConfiguration] is not eligible for getting processed by all BeanPostProcessors (for example: not eligible for auto-proxying). Is this bean getting eagerly injected into a currently created BeanPostProcessor [lbRestClientPostProcessor]? Check the corresponding BeanPostProcessor declaration and its dependencies.
2025-04-20T19:19:36.690-05:00  WARN 25790 --- [companies-crud] [           main] trationDelegate$BeanPostProcessorChecker : Bean 'org.springframework.cloud.client.loadbalancer.LoadBalancerDefaultMappingsProviderAutoConfiguration' of type [org.springframework.cloud.client.loadbalancer.LoadBalancerDefaultMappingsProviderAutoConfiguration] is not eligible for getting processed by all BeanPostProcessors (for example: not eligible for auto-proxying). Is this bean getting eagerly injected into a currently created BeanPostProcessor [lbRestClientPostProcessor]? Check the corresponding BeanPostProcessor declaration and its dependencies.
2025-04-20T19:19:36.691-05:00  WARN 25790 --- [companies-crud] [           main] trationDelegate$BeanPostProcessorChecker : Bean 'loadBalancerClientsDefaultsMappingsProvider' of type [org.springframework.cloud.client.loadbalancer.LoadBalancerDefaultMappingsProviderAutoConfiguration$$Lambda$971/0x00007f75104d6110] is not eligible for getting processed by all BeanPostProcessors (for example: not eligible for auto-proxying). Is this bean getting eagerly injected into a currently created BeanPostProcessor [lbRestClientPostProcessor]? Check the corresponding BeanPostProcessor declaration and its dependencies.
2025-04-20T19:19:36.694-05:00  WARN 25790 --- [companies-crud] [           main] trationDelegate$BeanPostProcessorChecker : Bean 'defaultsBindHandlerAdvisor' of type [org.springframework.cloud.commons.config.DefaultsBindHandlerAdvisor] is not eligible for getting processed by all BeanPostProcessors (for example: not eligible for auto-proxying). Is this bean getting eagerly injected into a currently created BeanPostProcessor [lbRestClientPostProcessor]? Check the corresponding BeanPostProcessor declaration and its dependencies.
2025-04-20T19:19:36.705-05:00  WARN 25790 --- [companies-crud] [           main] trationDelegate$BeanPostProcessorChecker : Bean 'spring.cloud.loadbalancer-org.springframework.cloud.client.loadbalancer.LoadBalancerClientsProperties' of type [org.springframework.cloud.client.loadbalancer.LoadBalancerClientsProperties] is not eligible for getting processed by all BeanPostProcessors (for example: not eligible for auto-proxying). Is this bean getting eagerly injected into a currently created BeanPostProcessor [lbRestClientPostProcessor]? Check the corresponding BeanPostProcessor declaration and its dependencies.
2025-04-20T19:19:36.713-05:00  WARN 25790 --- [companies-crud] [           main] trationDelegate$BeanPostProcessorChecker : Bean 'default.org.springframework.cloud.loadbalancer.config.LoadBalancerAutoConfiguration.LoadBalancerClientSpecification' of type [org.springframework.cloud.loadbalancer.annotation.LoadBalancerClientSpecification] is not eligible for getting processed by all BeanPostProcessors (for example: not eligible for auto-proxying). Is this bean getting eagerly injected into a currently created BeanPostProcessor [lbRestClientPostProcessor]? Check the corresponding BeanPostProcessor declaration and its dependencies.
2025-04-20T19:19:36.715-05:00  WARN 25790 --- [companies-crud] [           main] trationDelegate$BeanPostProcessorChecker : Bean 'default.org.springframework.cloud.loadbalancer.config.BlockingLoadBalancerClientAutoConfiguration.LoadBalancerClientSpecification' of type [org.springframework.cloud.loadbalancer.annotation.LoadBalancerClientSpecification] is not eligible for getting processed by all BeanPostProcessors (for example: not eligible for auto-proxying). Is this bean getting eagerly injected into a currently created BeanPostProcessor [lbRestClientPostProcessor]? Check the corresponding BeanPostProcessor declaration and its dependencies.
2025-04-20T19:19:36.717-05:00  WARN 25790 --- [companies-crud] [           main] trationDelegate$BeanPostProcessorChecker : Bean 'default.org.springframework.cloud.netflix.eureka.loadbalancer.LoadBalancerEurekaAutoConfiguration.LoadBalancerClientSpecification' of type [org.springframework.cloud.loadbalancer.annotation.LoadBalancerClientSpecification] is not eligible for getting processed by all BeanPostProcessors (for example: not eligible for auto-proxying). Is this bean getting eagerly injected into a currently created BeanPostProcessor [lbRestClientPostProcessor]? Check the corresponding BeanPostProcessor declaration and its dependencies.
2025-04-20T19:19:36.718-05:00  WARN 25790 --- [companies-crud] [           main] trationDelegate$BeanPostProcessorChecker : Bean 'loadBalancerClientFactory' of type [org.springframework.cloud.loadbalancer.support.LoadBalancerClientFactory] is not eligible for getting processed by all BeanPostProcessors (for example: not eligible for auto-proxying). Is this bean getting eagerly injected into a currently created BeanPostProcessor [lbRestClientPostProcessor]? Check the corresponding BeanPostProcessor declaration and its dependencies.
2025-04-20T19:19:36.726-05:00  WARN 25790 --- [companies-crud] [           main] trationDelegate$BeanPostProcessorChecker : Bean 'blockingLoadBalancerClient' of type [org.springframework.cloud.loadbalancer.blocking.client.BlockingLoadBalancerClient] is not eligible for getting processed by all BeanPostProcessors (for example: not eligible for auto-proxying). Is this bean getting eagerly injected into a currently created BeanPostProcessor [lbRestClientPostProcessor]? Check the corresponding BeanPostProcessor declaration and its dependencies.
2025-04-20T19:19:36.735-05:00  WARN 25790 --- [companies-crud] [           main] trationDelegate$BeanPostProcessorChecker : Bean 'loadBalancerServiceInstanceCookieTransformer' of type [org.springframework.cloud.loadbalancer.core.LoadBalancerServiceInstanceCookieTransformer] is not eligible for getting processed by all BeanPostProcessors (for example: not eligible for auto-proxying). Is this bean getting eagerly injected into a currently created BeanPostProcessor [lbRestClientPostProcessor]? Check the corresponding BeanPostProcessor declaration and its dependencies.
2025-04-20T19:19:36.737-05:00  WARN 25790 --- [companies-crud] [           main] trationDelegate$BeanPostProcessorChecker : Bean 'xForwarderHeadersTransformer' of type [org.springframework.cloud.loadbalancer.blocking.XForwardedHeadersTransformer] is not eligible for getting processed by all BeanPostProcessors (for example: not eligible for auto-proxying). Is this bean getting eagerly injected into a currently created BeanPostProcessor [lbRestClientPostProcessor]? Check the corresponding BeanPostProcessor declaration and its dependencies.
2025-04-20T19:19:36.739-05:00  WARN 25790 --- [companies-crud] [           main] trationDelegate$BeanPostProcessorChecker : Bean 'org.springframework.cloud.client.loadbalancer.LoadBalancerAutoConfiguration' of type [org.springframework.cloud.client.loadbalancer.LoadBalancerAutoConfiguration] is not eligible for getting processed by all BeanPostProcessors (for example: not eligible for auto-proxying). Is this bean getting eagerly injected into a currently created BeanPostProcessor [lbRestClientPostProcessor]? Check the corresponding BeanPostProcessor declaration and its dependencies.
2025-04-20T19:19:36.742-05:00  WARN 25790 --- [companies-crud] [           main] trationDelegate$BeanPostProcessorChecker : Bean 'loadBalancerRequestFactory' of type [org.springframework.cloud.client.loadbalancer.LoadBalancerRequestFactory] is not eligible for getting processed by all BeanPostProcessors (for example: not eligible for auto-proxying). Is this bean getting eagerly injected into a currently created BeanPostProcessor [lbRestClientPostProcessor]? Check the corresponding BeanPostProcessor declaration and its dependencies.
2025-04-20T19:19:36.744-05:00  WARN 25790 --- [companies-crud] [           main] trationDelegate$BeanPostProcessorChecker : Bean 'loadBalancerInterceptor' of type [org.springframework.cloud.client.loadbalancer.LoadBalancerInterceptor] is not eligible for getting processed by all BeanPostProcessors (for example: not eligible for auto-proxying). Is this bean getting eagerly injected into a currently created BeanPostProcessor [lbRestClientPostProcessor]? Check the corresponding BeanPostProcessor declaration and its dependencies.
2025-04-20T19:19:36.873-05:00  INFO 25790 --- [companies-crud] [           main] com.zaxxer.hikari.HikariDataSource       : HikariPool-1 - Starting...
2025-04-20T19:19:37.067-05:00  INFO 25790 --- [companies-crud] [           main] com.zaxxer.hikari.pool.HikariPool        : HikariPool-1 - Added connection org.postgresql.jdbc.PgConnection@71b3ba5a
2025-04-20T19:19:37.070-05:00  INFO 25790 --- [companies-crud] [           main] com.zaxxer.hikari.HikariDataSource       : HikariPool-1 - Start completed.
2025-04-20T19:19:37.123-05:00  INFO 25790 --- [companies-crud] [           main] o.hibernate.jpa.internal.util.LogHelper  : HHH000204: Processing PersistenceUnitInfo [name: default]
2025-04-20T19:19:37.165-05:00  INFO 25790 --- [companies-crud] [           main] org.hibernate.Version                    : HHH000412: Hibernate ORM core version 6.4.9.Final
2025-04-20T19:19:37.196-05:00  INFO 25790 --- [companies-crud] [           main] o.h.c.internal.RegionFactoryInitiator    : HHH000026: Second-level cache disabled
2025-04-20T19:19:37.403-05:00  INFO 25790 --- [companies-crud] [           main] o.s.o.j.p.SpringPersistenceUnitInfo      : No LoadTimeWeaver setup: ignoring JPA class transformer
2025-04-20T19:19:38.279-05:00  INFO 25790 --- [companies-crud] [           main] o.h.e.t.j.p.i.JtaPlatformInitiator       : HHH000489: No JTA platform available (set 'hibernate.transaction.jta.platform' to enable JTA platform integration)
2025-04-20T19:19:38.283-05:00  INFO 25790 --- [companies-crud] [           main] j.LocalContainerEntityManagerFactoryBean : Initialized JPA EntityManagerFactory for persistence unit 'default'
2025-04-20T19:19:38.918-05:00  WARN 25790 --- [companies-crud] [           main] JpaBaseConfiguration$JpaWebConfiguration : spring.jpa.open-in-view is enabled by default. Therefore, database queries may be performed during view rendering. Explicitly configure spring.jpa.open-in-view to disable this warning
2025-04-20T19:19:40.065-05:00  INFO 25790 --- [companies-crud] [           main] DiscoveryClientOptionalArgsConfiguration : Eureka HTTP Client uses RestTemplate.
2025-04-20T19:19:40.103-05:00  WARN 25790 --- [companies-crud] [           main] iguration$LoadBalancerCaffeineWarnLogger : Spring Cloud LoadBalancer is currently working with the default cache. While this cache implementation is useful for development and tests, it's recommended to use Caffeine cache in production.You can switch to using Caffeine cache, by adding it and org.springframework.cache.caffeine.CaffeineCacheManager to the classpath.
2025-04-20T19:19:40.118-05:00  INFO 25790 --- [companies-crud] [           main] o.s.b.a.e.web.EndpointLinksResolver      : Exposing 1 endpoint(s) beneath base path '/actuator'
2025-04-20T19:19:40.205-05:00  INFO 25790 --- [companies-crud] [           main] o.s.c.n.eureka.InstanceInfoFactory       : Setting initial instance status as: STARTING
2025-04-20T19:19:40.268-05:00  INFO 25790 --- [companies-crud] [           main] com.netflix.discovery.DiscoveryClient    : Initializing Eureka in region us-east-1
2025-04-20T19:19:40.272-05:00  INFO 25790 --- [companies-crud] [           main] c.n.d.s.r.aws.ConfigClusterResolver      : Resolving eureka endpoints via configuration
2025-04-20T19:19:40.290-05:00  INFO 25790 --- [companies-crud] [           main] com.netflix.discovery.DiscoveryClient    : Disable delta property : false
2025-04-20T19:19:40.290-05:00  INFO 25790 --- [companies-crud] [           main] com.netflix.discovery.DiscoveryClient    : Single vip registry refresh property : null
2025-04-20T19:19:40.290-05:00  INFO 25790 --- [companies-crud] [           main] com.netflix.discovery.DiscoveryClient    : Force full registry fetch : false
2025-04-20T19:19:40.290-05:00  INFO 25790 --- [companies-crud] [           main] com.netflix.discovery.DiscoveryClient    : Application is null : false
2025-04-20T19:19:40.290-05:00  INFO 25790 --- [companies-crud] [           main] com.netflix.discovery.DiscoveryClient    : Registered Applications size is zero : true
2025-04-20T19:19:40.290-05:00  INFO 25790 --- [companies-crud] [           main] com.netflix.discovery.DiscoveryClient    : Application version is -1: true
2025-04-20T19:19:40.291-05:00  INFO 25790 --- [companies-crud] [           main] com.netflix.discovery.DiscoveryClient    : Getting all instance registry info from the eureka server
2025-04-20T19:19:40.689-05:00  INFO 25790 --- [companies-crud] [           main] com.netflix.discovery.DiscoveryClient    : The response status is 200
2025-04-20T19:19:40.691-05:00  INFO 25790 --- [companies-crud] [           main] com.netflix.discovery.DiscoveryClient    : Starting heartbeat executor: renew interval is: 30
2025-04-20T19:19:40.693-05:00  INFO 25790 --- [companies-crud] [           main] c.n.discovery.InstanceInfoReplicator     : InstanceInfoReplicator onDemand update allowed rate per min is 4
2025-04-20T19:19:40.698-05:00  INFO 25790 --- [companies-crud] [           main] com.netflix.discovery.DiscoveryClient    : Discovery Client initialized at timestamp 1745194780697 with initial instances count: 0
2025-04-20T19:19:40.706-05:00  INFO 25790 --- [companies-crud] [           main] o.s.c.n.e.s.EurekaServiceRegistry        : Registering application COMPANIES-CRUD with eureka with status UP
2025-04-20T19:19:40.706-05:00  INFO 25790 --- [companies-crud] [           main] com.netflix.discovery.DiscoveryClient    : Saw local status change event StatusChangeEvent [timestamp=1745194780706, current=UP, previous=STARTING]
2025-04-20T19:19:40.708-05:00  INFO 25790 --- [companies-crud] [nfoReplicator-0] com.netflix.discovery.DiscoveryClient    : DiscoveryClient_COMPANIES-CRUD/companies-crud:6e0286c883fcae628d5d8b4543cee68e: registering service...
2025-04-20T19:19:40.750-05:00  INFO 25790 --- [companies-crud] [           main] c.r.c.CompaniesCrudApplicationTests      : Started CompaniesCrudApplicationTests in 6.214 seconds (process running for 7.219)
2025-04-20T19:19:40.845-05:00  INFO 25790 --- [companies-crud] [nfoReplicator-0] com.netflix.discovery.DiscoveryClient    : DiscoveryClient_COMPANIES-CRUD/companies-crud:6e0286c883fcae628d5d8b4543cee68e - registration status: 204
]]></system-out>
  </testcase>
</testsuite>